[12-Apr-2022 18:38:24 UTC] PHP Fatal error:  Uncaught Error: Object of class WP_User could not be converted to string in /Users/thierrycouilleault/Local Sites/themesurmesure/app/public/wp-content/themes/ludi/header.php:21
Stack trace:
#0 /Users/thierrycouilleault/Local Sites/themesurmesure/app/public/wp-includes/template.php(770): require_once()
#1 /Users/thierrycouilleault/Local Sites/themesurmesure/app/public/wp-includes/template.php(716): load_template('/Users/thierryc...', true, Array)
#2 /Users/thierrycouilleault/Local Sites/themesurmesure/app/public/wp-includes/general-template.php(48): locate_template(Array, true, true, Array)
#3 /Users/thierrycouilleault/Local Sites/themesurmesure/app/public/wp-content/themes/ludi/front-page.php(1): get_header()
#4 /Users/thierrycouilleault/Local Sites/themesurmesure/app/public/wp-includes/template-loader.php(106): include('/Users/thierryc...')
#5 /Users/thierrycouilleault/Local Sites/themesurmesure/app/public/wp-blog-header.php(19): require_once('/Users/thierryc...')
#6 /Users/thierrycouilleault/Local Sites/the in /Users/thierrycouilleault/Local Sites/themesurmesure/app/public/wp-content/themes/ludi/header.php on line 21
[13-Apr-2022 09:22:38 UTC] PHP Warning:  require_once(/Users/thierrycouilleault/Local Sites/themesurmesure/app/public/wp-content/themes/ludi/inc/features.php): failed to open stream: No such file or directory in /Users/thierrycouilleault/Local Sites/themesurmesure/app/public/wp-content/themes/ludi/functions.php on line 16
[13-Apr-2022 09:22:38 UTC] PHP Stack trace:
[13-Apr-2022 09:22:38 UTC] PHP   1. {main}() /Users/thierrycouilleault/Local Sites/themesurmesure/app/public/wp-admin/admin-ajax.php:0
[13-Apr-2022 09:22:38 UTC] PHP   2. require_once() /Users/thierrycouilleault/Local Sites/themesurmesure/app/public/wp-admin/admin-ajax.php:22
[13-Apr-2022 09:22:38 UTC] PHP   3. require_once() /Users/thierrycouilleault/Local Sites/themesurmesure/app/public/wp-load.php:50
[13-Apr-2022 09:22:38 UTC] PHP   4. require_once() /Users/thierrycouilleault/Local Sites/themesurmesure/app/public/wp-config.php:91
[13-Apr-2022 09:22:38 UTC] PHP   5. include() /Users/thierrycouilleault/Local Sites/themesurmesure/app/public/wp-settings.php:555
[13-Apr-2022 09:22:38 UTC] PHP Fatal error:  require_once(): Failed opening required '/Users/thierrycouilleault/Local Sites/themesurmesure/app/public/wp-content/themes/ludi/inc/features.php' (include_path='.:/usr/share/php:/www/wp-content/pear') in /Users/thierrycouilleault/Local Sites/themesurmesure/app/public/wp-content/themes/ludi/functions.php on line 16
[13-Apr-2022 09:22:38 UTC] PHP Stack trace:
[13-Apr-2022 09:22:38 UTC] PHP   1. {main}() /Users/thierrycouilleault/Local Sites/themesurmesure/app/public/wp-admin/admin-ajax.php:0
[13-Apr-2022 09:22:38 UTC] PHP   2. require_once() /Users/thierrycouilleault/Local Sites/themesurmesure/app/public/wp-admin/admin-ajax.php:22
[13-Apr-2022 09:22:38 UTC] PHP   3. require_once() /Users/thierrycouilleault/Local Sites/themesurmesure/app/public/wp-load.php:50
[13-Apr-2022 09:22:38 UTC] PHP   4. require_once() /Users/thierrycouilleault/Local Sites/themesurmesure/app/public/wp-config.php:91
[13-Apr-2022 09:22:38 UTC] PHP   5. include() /Users/thierrycouilleault/Local Sites/themesurmesure/app/public/wp-settings.php:555
[13-Apr-2022 09:24:39 UTC] PHP Warning:  require_once(/Users/thierrycouilleault/Local Sites/themesurmesure/app/public/wp-content/themes/ludi/inc/features.php): failed to open stream: No such file or directory in /Users/thierrycouilleault/Local Sites/themesurmesure/app/public/wp-content/themes/ludi/functions.php on line 16
[13-Apr-2022 09:24:39 UTC] PHP Stack trace:
[13-Apr-2022 09:24:39 UTC] PHP   1. {main}() /Users/thierrycouilleault/Local Sites/themesurmesure/app/public/wp-admin/admin-ajax.php:0
[13-Apr-2022 09:24:39 UTC] PHP   2. require_once() /Users/thierrycouilleault/Local Sites/themesurmesure/app/public/wp-admin/admin-ajax.php:22
[13-Apr-2022 09:24:39 UTC] PHP   3. require_once() /Users/thierrycouilleault/Local Sites/themesurmesure/app/public/wp-load.php:50
[13-Apr-2022 09:24:39 UTC] PHP   4. require_once() /Users/thierrycouilleault/Local Sites/themesurmesure/app/public/wp-config.php:91
[13-Apr-2022 09:24:39 UTC] PHP   5. include() /Users/thierrycouilleault/Local Sites/themesurmesure/app/public/wp-settings.php:555
[13-Apr-2022 09:24:39 UTC] PHP Fatal error:  require_once(): Failed opening required '/Users/thierrycouilleault/Local Sites/themesurmesure/app/public/wp-content/themes/ludi/inc/features.php' (include_path='.:/usr/share/php:/www/wp-content/pear') in /Users/thierrycouilleault/Local Sites/themesurmesure/app/public/wp-content/themes/ludi/functions.php on line 16
[13-Apr-2022 09:24:39 UTC] PHP Stack trace:
[13-Apr-2022 09:24:39 UTC] PHP   1. {main}() /Users/thierrycouilleault/Local Sites/themesurmesure/app/public/wp-admin/admin-ajax.php:0
[13-Apr-2022 09:24:39 UTC] PHP   2. require_once() /Users/thierrycouilleault/Local Sites/themesurmesure/app/public/wp-admin/admin-ajax.php:22
[13-Apr-2022 09:24:39 UTC] PHP   3. require_once() /Users/thierrycouilleault/Local Sites/themesurmesure/app/public/wp-load.php:50
[13-Apr-2022 09:24:39 UTC] PHP   4. require_once() /Users/thierrycouilleault/Local Sites/themesurmesure/app/public/wp-config.php:91
[13-Apr-2022 09:24:39 UTC] PHP   5. include() /Users/thierrycouilleault/Local Sites/themesurmesure/app/public/wp-settings.php:555
[13-Apr-2022 09:26:39 UTC] PHP Warning:  require_once(/Users/thierrycouilleault/Local Sites/themesurmesure/app/public/wp-content/themes/ludi/inc/features.php): failed to open stream: No such file or directory in /Users/thierrycouilleault/Local Sites/themesurmesure/app/public/wp-content/themes/ludi/functions.php on line 16
[13-Apr-2022 09:26:39 UTC] PHP Stack trace:
[13-Apr-2022 09:26:39 UTC] PHP   1. {main}() /Users/thierrycouilleault/Local Sites/themesurmesure/app/public/wp-admin/admin-ajax.php:0
[13-Apr-2022 09:26:39 UTC] PHP   2. require_once() /Users/thierrycouilleault/Local Sites/themesurmesure/app/public/wp-admin/admin-ajax.php:22
[13-Apr-2022 09:26:39 UTC] PHP   3. require_once() /Users/thierrycouilleault/Local Sites/themesurmesure/app/public/wp-load.php:50
[13-Apr-2022 09:26:39 UTC] PHP   4. require_once() /Users/thierrycouilleault/Local Sites/themesurmesure/app/public/wp-config.php:91
[13-Apr-2022 09:26:39 UTC] PHP   5. include() /Users/thierrycouilleault/Local Sites/themesurmesure/app/public/wp-settings.php:555
[13-Apr-2022 09:26:39 UTC] PHP Fatal error:  require_once(): Failed opening required '/Users/thierrycouilleault/Local Sites/themesurmesure/app/public/wp-content/themes/ludi/inc/features.php' (include_path='.:/usr/share/php:/www/wp-content/pear') in /Users/thierrycouilleault/Local Sites/themesurmesure/app/public/wp-content/themes/ludi/functions.php on line 16
[13-Apr-2022 09:26:39 UTC] PHP Stack trace:
[13-Apr-2022 09:26:39 UTC] PHP   1. {main}() /Users/thierrycouilleault/Local Sites/themesurmesure/app/public/wp-admin/admin-ajax.php:0
[13-Apr-2022 09:26:39 UTC] PHP   2. require_once() /Users/thierrycouilleault/Local Sites/themesurmesure/app/public/wp-admin/admin-ajax.php:22
[13-Apr-2022 09:26:39 UTC] PHP   3. require_once() /Users/thierrycouilleault/Local Sites/themesurmesure/app/public/wp-load.php:50
[13-Apr-2022 09:26:39 UTC] PHP   4. require_once() /Users/thierrycouilleault/Local Sites/themesurmesure/app/public/wp-config.php:91
[13-Apr-2022 09:26:39 UTC] PHP   5. include() /Users/thierrycouilleault/Local Sites/themesurmesure/app/public/wp-settings.php:555
[13-Apr-2022 09:27:58 UTC] PHP Warning:  require_once(/Users/thierrycouilleault/Local Sites/themesurmesure/app/public/wp-content/themes/ludi/inc/features.php): failed to open stream: No such file or directory in /Users/thierrycouilleault/Local Sites/themesurmesure/app/public/wp-content/themes/ludi/functions.php on line 16
[13-Apr-2022 09:27:58 UTC] PHP Stack trace:
[13-Apr-2022 09:27:58 UTC] PHP   1. {main}() /Users/thierrycouilleault/Local Sites/themesurmesure/app/public/index.php:0
[13-Apr-2022 09:27:58 UTC] PHP   2. require() /Users/thierrycouilleault/Local Sites/themesurmesure/app/public/index.php:17
[13-Apr-2022 09:27:58 UTC] PHP   3. require_once() /Users/thierrycouilleault/Local Sites/themesurmesure/app/public/wp-blog-header.php:13
[13-Apr-2022 09:27:58 UTC] PHP   4. require_once() /Users/thierrycouilleault/Local Sites/themesurmesure/app/public/wp-load.php:50
[13-Apr-2022 09:27:58 UTC] PHP   5. require_once() /Users/thierrycouilleault/Local Sites/themesurmesure/app/public/wp-config.php:91
[13-Apr-2022 09:27:58 UTC] PHP   6. include() /Users/thierrycouilleault/Local Sites/themesurmesure/app/public/wp-settings.php:555
[13-Apr-2022 09:27:58 UTC] PHP Fatal error:  require_once(): Failed opening required '/Users/thierrycouilleault/Local Sites/themesurmesure/app/public/wp-content/themes/ludi/inc/features.php' (include_path='.:/usr/share/php:/www/wp-content/pear') in /Users/thierrycouilleault/Local Sites/themesurmesure/app/public/wp-content/themes/ludi/functions.php on line 16
[13-Apr-2022 09:27:58 UTC] PHP Stack trace:
[13-Apr-2022 09:27:58 UTC] PHP   1. {main}() /Users/thierrycouilleault/Local Sites/themesurmesure/app/public/index.php:0
[13-Apr-2022 09:27:58 UTC] PHP   2. require() /Users/thierrycouilleault/Local Sites/themesurmesure/app/public/index.php:17
[13-Apr-2022 09:27:58 UTC] PHP   3. require_once() /Users/thierrycouilleault/Local Sites/themesurmesure/app/public/wp-blog-header.php:13
[13-Apr-2022 09:27:58 UTC] PHP   4. require_once() /Users/thierrycouilleault/Local Sites/themesurmesure/app/public/wp-load.php:50
[13-Apr-2022 09:27:58 UTC] PHP   5. require_once() /Users/thierrycouilleault/Local Sites/themesurmesure/app/public/wp-config.php:91
[13-Apr-2022 09:27:58 UTC] PHP   6. include() /Users/thierrycouilleault/Local Sites/themesurmesure/app/public/wp-settings.php:555
[13-Apr-2022 09:28:00 UTC] PHP Warning:  require_once(/Users/thierrycouilleault/Local Sites/themesurmesure/app/public/wp-content/themes/ludi/inc/features.php): failed to open stream: No such file or directory in /Users/thierrycouilleault/Local Sites/themesurmesure/app/public/wp-content/themes/ludi/functions.php on line 16
[13-Apr-2022 09:28:00 UTC] PHP Stack trace:
[13-Apr-2022 09:28:00 UTC] PHP   1. {main}() /Users/thierrycouilleault/Local Sites/themesurmesure/app/public/index.php:0
[13-Apr-2022 09:28:00 UTC] PHP   2. require() /Users/thierrycouilleault/Local Sites/themesurmesure/app/public/index.php:17
[13-Apr-2022 09:28:00 UTC] PHP   3. require_once() /Users/thierrycouilleault/Local Sites/themesurmesure/app/public/wp-blog-header.php:13
[13-Apr-2022 09:28:00 UTC] PHP   4. require_once() /Users/thierrycouilleault/Local Sites/themesurmesure/app/public/wp-load.php:50
[13-Apr-2022 09:28:00 UTC] PHP   5. require_once() /Users/thierrycouilleault/Local Sites/themesurmesure/app/public/wp-config.php:91
[13-Apr-2022 09:28:00 UTC] PHP   6. include() /Users/thierrycouilleault/Local Sites/themesurmesure/app/public/wp-settings.php:555
[13-Apr-2022 09:28:00 UTC] PHP Fatal error:  require_once(): Failed opening required '/Users/thierrycouilleault/Local Sites/themesurmesure/app/public/wp-content/themes/ludi/inc/features.php' (include_path='.:/usr/share/php:/www/wp-content/pear') in /Users/thierrycouilleault/Local Sites/themesurmesure/app/public/wp-content/themes/ludi/functions.php on line 16
[13-Apr-2022 09:28:00 UTC] PHP Stack trace:
[13-Apr-2022 09:28:00 UTC] PHP   1. {main}() /Users/thierrycouilleault/Local Sites/themesurmesure/app/public/index.php:0
[13-Apr-2022 09:28:00 UTC] PHP   2. require() /Users/thierrycouilleault/Local Sites/themesurmesure/app/public/index.php:17
[13-Apr-2022 09:28:00 UTC] PHP   3. require_once() /Users/thierrycouilleault/Local Sites/themesurmesure/app/public/wp-blog-header.php:13
[13-Apr-2022 09:28:00 UTC] PHP   4. require_once() /Users/thierrycouilleault/Local Sites/themesurmesure/app/public/wp-load.php:50
[13-Apr-2022 09:28:00 UTC] PHP   5. require_once() /Users/thierrycouilleault/Local Sites/themesurmesure/app/public/wp-config.php:91
[13-Apr-2022 09:28:00 UTC] PHP   6. include() /Users/thierrycouilleault/Local Sites/themesurmesure/app/public/wp-settings.php:555
[13-Apr-2022 09:28:10 UTC] PHP Warning:  require_once(/Users/thierrycouilleault/Local Sites/themesurmesure/app/public/wp-content/themes/ludi/inc/features.php): failed to open stream: No such file or directory in /Users/thierrycouilleault/Local Sites/themesurmesure/app/public/wp-content/themes/ludi/functions.php on line 16
[13-Apr-2022 09:28:10 UTC] PHP Stack trace:
[13-Apr-2022 09:28:10 UTC] PHP   1. {main}() /Users/thierrycouilleault/Local Sites/themesurmesure/app/public/wp-admin/admin-ajax.php:0
[13-Apr-2022 09:28:10 UTC] PHP   2. require_once() /Users/thierrycouilleault/Local Sites/themesurmesure/app/public/wp-admin/admin-ajax.php:22
[13-Apr-2022 09:28:10 UTC] PHP   3. require_once() /Users/thierrycouilleault/Local Sites/themesurmesure/app/public/wp-load.php:50
[13-Apr-2022 09:28:10 UTC] PHP   4. require_once() /Users/thierrycouilleault/Local Sites/themesurmesure/app/public/wp-config.php:91
[13-Apr-2022 09:28:10 UTC] PHP   5. include() /Users/thierrycouilleault/Local Sites/themesurmesure/app/public/wp-settings.php:555
[13-Apr-2022 09:28:10 UTC] PHP Fatal error:  require_once(): Failed opening required '/Users/thierrycouilleault/Local Sites/themesurmesure/app/public/wp-content/themes/ludi/inc/features.php' (include_path='.:/usr/share/php:/www/wp-content/pear') in /Users/thierrycouilleault/Local Sites/themesurmesure/app/public/wp-content/themes/ludi/functions.php on line 16
[13-Apr-2022 09:28:10 UTC] PHP Stack trace:
[13-Apr-2022 09:28:10 UTC] PHP   1. {main}() /Users/thierrycouilleault/Local Sites/themesurmesure/app/public/wp-admin/admin-ajax.php:0
[13-Apr-2022 09:28:10 UTC] PHP   2. require_once() /Users/thierrycouilleault/Local Sites/themesurmesure/app/public/wp-admin/admin-ajax.php:22
[13-Apr-2022 09:28:10 UTC] PHP   3. require_once() /Users/thierrycouilleault/Local Sites/themesurmesure/app/public/wp-load.php:50
[13-Apr-2022 09:28:10 UTC] PHP   4. require_once() /Users/thierrycouilleault/Local Sites/themesurmesure/app/public/wp-config.php:91
[13-Apr-2022 09:28:10 UTC] PHP   5. include() /Users/thierrycouilleault/Local Sites/themesurmesure/app/public/wp-settings.php:555
[13-Apr-2022 09:29:11 UTC] PHP Warning:  require_once(/Users/thierrycouilleault/Local Sites/themesurmesure/app/public/wp-content/themes/ludi/inc/features.php): failed to open stream: No such file or directory in /Users/thierrycouilleault/Local Sites/themesurmesure/app/public/wp-content/themes/ludi/functions.php on line 16
[13-Apr-2022 09:29:11 UTC] PHP Stack trace:
[13-Apr-2022 09:29:11 UTC] PHP   1. {main}() /Users/thierrycouilleault/Local Sites/themesurmesure/app/public/wp-admin/admin-ajax.php:0
[13-Apr-2022 09:29:11 UTC] PHP   2. require_once() /Users/thierrycouilleault/Local Sites/themesurmesure/app/public/wp-admin/admin-ajax.php:22
[13-Apr-2022 09:29:11 UTC] PHP   3. require_once() /Users/thierrycouilleault/Local Sites/themesurmesure/app/public/wp-load.php:50
[13-Apr-2022 09:29:11 UTC] PHP   4. require_once() /Users/thierrycouilleault/Local Sites/themesurmesure/app/public/wp-config.php:91
[13-Apr-2022 09:29:11 UTC] PHP   5. include() /Users/thierrycouilleault/Local Sites/themesurmesure/app/public/wp-settings.php:555
[13-Apr-2022 09:29:11 UTC] PHP Fatal error:  require_once(): Failed opening required '/Users/thierrycouilleault/Local Sites/themesurmesure/app/public/wp-content/themes/ludi/inc/features.php' (include_path='.:/usr/share/php:/www/wp-content/pear') in /Users/thierrycouilleault/Local Sites/themesurmesure/app/public/wp-content/themes/ludi/functions.php on line 16
[13-Apr-2022 09:29:11 UTC] PHP Stack trace:
[13-Apr-2022 09:29:11 UTC] PHP   1. {main}() /Users/thierrycouilleault/Local Sites/themesurmesure/app/public/wp-admin/admin-ajax.php:0
[13-Apr-2022 09:29:11 UTC] PHP   2. require_once() /Users/thierrycouilleault/Local Sites/themesurmesure/app/public/wp-admin/admin-ajax.php:22
[13-Apr-2022 09:29:11 UTC] PHP   3. require_once() /Users/thierrycouilleault/Local Sites/themesurmesure/app/public/wp-load.php:50
[13-Apr-2022 09:29:11 UTC] PHP   4. require_once() /Users/thierrycouilleault/Local Sites/themesurmesure/app/public/wp-config.php:91
[13-Apr-2022 09:29:11 UTC] PHP   5. include() /Users/thierrycouilleault/Local Sites/themesurmesure/app/public/wp-settings.php:555
[13-Apr-2022 09:29:38 UTC] PHP Warning:  require_once(/Users/thierrycouilleault/Local Sites/themesurmesure/app/public/wp-content/themes/ludi/inc/features.php): failed to open stream: No such file or directory in /Users/thierrycouilleault/Local Sites/themesurmesure/app/public/wp-content/themes/ludi/functions.php on line 16
[13-Apr-2022 09:29:38 UTC] PHP Stack trace:
[13-Apr-2022 09:29:38 UTC] PHP   1. {main}() /Users/thierrycouilleault/Local Sites/themesurmesure/app/public/wp-admin/update-core.php:0
[13-Apr-2022 09:29:38 UTC] PHP   2. require_once() /Users/thierrycouilleault/Local Sites/themesurmesure/app/public/wp-admin/update-core.php:10
[13-Apr-2022 09:29:38 UTC] PHP   3. require_once() /Users/thierrycouilleault/Local Sites/themesurmesure/app/public/wp-admin/admin.php:34
[13-Apr-2022 09:29:38 UTC] PHP   4. require_once() /Users/thierrycouilleault/Local Sites/themesurmesure/app/public/wp-load.php:50
[13-Apr-2022 09:29:38 UTC] PHP   5. require_once() /Users/thierrycouilleault/Local Sites/themesurmesure/app/public/wp-config.php:91
[13-Apr-2022 09:29:38 UTC] PHP   6. include() /Users/thierrycouilleault/Local Sites/themesurmesure/app/public/wp-settings.php:555
[13-Apr-2022 09:29:38 UTC] PHP Fatal error:  require_once(): Failed opening required '/Users/thierrycouilleault/Local Sites/themesurmesure/app/public/wp-content/themes/ludi/inc/features.php' (include_path='.:/usr/share/php:/www/wp-content/pear') in /Users/thierrycouilleault/Local Sites/themesurmesure/app/public/wp-content/themes/ludi/functions.php on line 16
[13-Apr-2022 09:29:38 UTC] PHP Stack trace:
[13-Apr-2022 09:29:38 UTC] PHP   1. {main}() /Users/thierrycouilleault/Local Sites/themesurmesure/app/public/wp-admin/update-core.php:0
[13-Apr-2022 09:29:38 UTC] PHP   2. require_once() /Users/thierrycouilleault/Local Sites/themesurmesure/app/public/wp-admin/update-core.php:10
[13-Apr-2022 09:29:38 UTC] PHP   3. require_once() /Users/thierrycouilleault/Local Sites/themesurmesure/app/public/wp-admin/admin.php:34
[13-Apr-2022 09:29:38 UTC] PHP   4. require_once() /Users/thierrycouilleault/Local Sites/themesurmesure/app/public/wp-load.php:50
[13-Apr-2022 09:29:38 UTC] PHP   5. require_once() /Users/thierrycouilleault/Local Sites/themesurmesure/app/public/wp-config.php:91
[13-Apr-2022 09:29:38 UTC] PHP   6. include() /Users/thierrycouilleault/Local Sites/themesurmesure/app/public/wp-settings.php:555
[13-Apr-2022 09:29:40 UTC] PHP Warning:  require_once(/Users/thierrycouilleault/Local Sites/themesurmesure/app/public/wp-content/themes/ludi/inc/features.php): failed to open stream: No such file or directory in /Users/thierrycouilleault/Local Sites/themesurmesure/app/public/wp-content/themes/ludi/functions.php on line 16
[13-Apr-2022 09:29:40 UTC] PHP Stack trace:
[13-Apr-2022 09:29:40 UTC] PHP   1. {main}() /Users/thierrycouilleault/Local Sites/themesurmesure/app/public/index.php:0
[13-Apr-2022 09:29:40 UTC] PHP   2. require() /Users/thierrycouilleault/Local Sites/themesurmesure/app/public/index.php:17
[13-Apr-2022 09:29:40 UTC] PHP   3. require_once() /Users/thierrycouilleault/Local Sites/themesurmesure/app/public/wp-blog-header.php:13
[13-Apr-2022 09:29:40 UTC] PHP   4. require_once() /Users/thierrycouilleault/Local Sites/themesurmesure/app/public/wp-load.php:50
[13-Apr-2022 09:29:40 UTC] PHP   5. require_once() /Users/thierrycouilleault/Local Sites/themesurmesure/app/public/wp-config.php:91
[13-Apr-2022 09:29:40 UTC] PHP   6. include() /Users/thierrycouilleault/Local Sites/themesurmesure/app/public/wp-settings.php:555
[13-Apr-2022 09:29:40 UTC] PHP Fatal error:  require_once(): Failed opening required '/Users/thierrycouilleault/Local Sites/themesurmesure/app/public/wp-content/themes/ludi/inc/features.php' (include_path='.:/usr/share/php:/www/wp-content/pear') in /Users/thierrycouilleault/Local Sites/themesurmesure/app/public/wp-content/themes/ludi/functions.php on line 16
[13-Apr-2022 09:29:40 UTC] PHP Stack trace:
[13-Apr-2022 09:29:40 UTC] PHP   1. {main}() /Users/thierrycouilleault/Local Sites/themesurmesure/app/public/index.php:0
[13-Apr-2022 09:29:40 UTC] PHP   2. require() /Users/thierrycouilleault/Local Sites/themesurmesure/app/public/index.php:17
[13-Apr-2022 09:29:40 UTC] PHP   3. require_once() /Users/thierrycouilleault/Local Sites/themesurmesure/app/public/wp-blog-header.php:13
[13-Apr-2022 09:29:40 UTC] PHP   4. require_once() /Users/thierrycouilleault/Local Sites/themesurmesure/app/public/wp-load.php:50
[13-Apr-2022 09:29:40 UTC] PHP   5. require_once() /Users/thierrycouilleault/Local Sites/themesurmesure/app/public/wp-config.php:91
[13-Apr-2022 09:29:40 UTC] PHP   6. include() /Users/thierrycouilleault/Local Sites/themesurmesure/app/public/wp-settings.php:555
[13-Apr-2022 09:31:29 UTC] PHP Warning:  require_once(/Users/thierrycouilleault/Local Sites/themesurmesure/app/public/wp-content/themes/ludi/inc/features.php): failed to open stream: No such file or directory in /Users/thierrycouilleault/Local Sites/themesurmesure/app/public/wp-content/themes/ludi/functions.php on line 16
[13-Apr-2022 09:31:29 UTC] PHP Stack trace:
[13-Apr-2022 09:31:29 UTC] PHP   1. {main}() /Users/thierrycouilleault/Local Sites/themesurmesure/app/public/wp-admin/update-core.php:0
[13-Apr-2022 09:31:29 UTC] PHP   2. require_once() /Users/thierrycouilleault/Local Sites/themesurmesure/app/public/wp-admin/update-core.php:10
[13-Apr-2022 09:31:29 UTC] PHP   3. require_once() /Users/thierrycouilleault/Local Sites/themesurmesure/app/public/wp-admin/admin.php:34
[13-Apr-2022 09:31:29 UTC] PHP   4. require_once() /Users/thierrycouilleault/Local Sites/themesurmesure/app/public/wp-load.php:50
[13-Apr-2022 09:31:29 UTC] PHP   5. require_once() /Users/thierrycouilleault/Local Sites/themesurmesure/app/public/wp-config.php:91
[13-Apr-2022 09:31:29 UTC] PHP   6. include() /Users/thierrycouilleault/Local Sites/themesurmesure/app/public/wp-settings.php:555
[13-Apr-2022 09:31:29 UTC] PHP Fatal error:  require_once(): Failed opening required '/Users/thierrycouilleault/Local Sites/themesurmesure/app/public/wp-content/themes/ludi/inc/features.php' (include_path='.:/usr/share/php:/www/wp-content/pear') in /Users/thierrycouilleault/Local Sites/themesurmesure/app/public/wp-content/themes/ludi/functions.php on line 16
[13-Apr-2022 09:31:29 UTC] PHP Stack trace:
[13-Apr-2022 09:31:29 UTC] PHP   1. {main}() /Users/thierrycouilleault/Local Sites/themesurmesure/app/public/wp-admin/update-core.php:0
[13-Apr-2022 09:31:29 UTC] PHP   2. require_once() /Users/thierrycouilleault/Local Sites/themesurmesure/app/public/wp-admin/update-core.php:10
[13-Apr-2022 09:31:29 UTC] PHP   3. require_once() /Users/thierrycouilleault/Local Sites/themesurmesure/app/public/wp-admin/admin.php:34
[13-Apr-2022 09:31:29 UTC] PHP   4. require_once() /Users/thierrycouilleault/Local Sites/themesurmesure/app/public/wp-load.php:50
[13-Apr-2022 09:31:29 UTC] PHP   5. require_once() /Users/thierrycouilleault/Local Sites/themesurmesure/app/public/wp-config.php:91
[13-Apr-2022 09:31:29 UTC] PHP   6. include() /Users/thierrycouilleault/Local Sites/themesurmesure/app/public/wp-settings.php:555
[13-Apr-2022 09:31:31 UTC] PHP Warning:  require_once(/Users/thierrycouilleault/Local Sites/themesurmesure/app/public/wp-content/themes/ludi/inc/features.php): failed to open stream: No such file or directory in /Users/thierrycouilleault/Local Sites/themesurmesure/app/public/wp-content/themes/ludi/functions.php on line 16
[13-Apr-2022 09:31:31 UTC] PHP Stack trace:
[13-Apr-2022 09:31:31 UTC] PHP   1. {main}() /Users/thierrycouilleault/Local Sites/themesurmesure/app/public/index.php:0
[13-Apr-2022 09:31:31 UTC] PHP   2. require() /Users/thierrycouilleault/Local Sites/themesurmesure/app/public/index.php:17
[13-Apr-2022 09:31:31 UTC] PHP   3. require_once() /Users/thierrycouilleault/Local Sites/themesurmesure/app/public/wp-blog-header.php:13
[13-Apr-2022 09:31:31 UTC] PHP   4. require_once() /Users/thierrycouilleault/Local Sites/themesurmesure/app/public/wp-load.php:50
[13-Apr-2022 09:31:31 UTC] PHP   5. require_once() /Users/thierrycouilleault/Local Sites/themesurmesure/app/public/wp-config.php:91
[13-Apr-2022 09:31:31 UTC] PHP   6. include() /Users/thierrycouilleault/Local Sites/themesurmesure/app/public/wp-settings.php:555
[13-Apr-2022 09:31:31 UTC] PHP Fatal error:  require_once(): Failed opening required '/Users/thierrycouilleault/Local Sites/themesurmesure/app/public/wp-content/themes/ludi/inc/features.php' (include_path='.:/usr/share/php:/www/wp-content/pear') in /Users/thierrycouilleault/Local Sites/themesurmesure/app/public/wp-content/themes/ludi/functions.php on line 16
[13-Apr-2022 09:31:31 UTC] PHP Stack trace:
[13-Apr-2022 09:31:31 UTC] PHP   1. {main}() /Users/thierrycouilleault/Local Sites/themesurmesure/app/public/index.php:0
[13-Apr-2022 09:31:31 UTC] PHP   2. require() /Users/thierrycouilleault/Local Sites/themesurmesure/app/public/index.php:17
[13-Apr-2022 09:31:31 UTC] PHP   3. require_once() /Users/thierrycouilleault/Local Sites/themesurmesure/app/public/wp-blog-header.php:13
[13-Apr-2022 09:31:31 UTC] PHP   4. require_once() /Users/thierrycouilleault/Local Sites/themesurmesure/app/public/wp-load.php:50
[13-Apr-2022 09:31:31 UTC] PHP   5. require_once() /Users/thierrycouilleault/Local Sites/themesurmesure/app/public/wp-config.php:91
[13-Apr-2022 09:31:31 UTC] PHP   6. include() /Users/thierrycouilleault/Local Sites/themesurmesure/app/public/wp-settings.php:555
[13-Apr-2022 09:31:38 UTC] PHP Warning:  require_once(/Users/thierrycouilleault/Local Sites/themesurmesure/app/public/wp-content/themes/ludi/inc/features.php): failed to open stream: No such file or directory in /Users/thierrycouilleault/Local Sites/themesurmesure/app/public/wp-content/themes/ludi/functions.php on line 16
[13-Apr-2022 09:31:38 UTC] PHP Stack trace:
[13-Apr-2022 09:31:38 UTC] PHP   1. {main}() /Users/thierrycouilleault/Local Sites/themesurmesure/app/public/wp-admin/index.php:0
[13-Apr-2022 09:31:38 UTC] PHP   2. require_once() /Users/thierrycouilleault/Local Sites/themesurmesure/app/public/wp-admin/index.php:10
[13-Apr-2022 09:31:38 UTC] PHP   3. require_once() /Users/thierrycouilleault/Local Sites/themesurmesure/app/public/wp-admin/admin.php:34
[13-Apr-2022 09:31:38 UTC] PHP   4. require_once() /Users/thierrycouilleault/Local Sites/themesurmesure/app/public/wp-load.php:50
[13-Apr-2022 09:31:38 UTC] PHP   5. require_once() /Users/thierrycouilleault/Local Sites/themesurmesure/app/public/wp-config.php:91
[13-Apr-2022 09:31:38 UTC] PHP   6. include() /Users/thierrycouilleault/Local Sites/themesurmesure/app/public/wp-settings.php:555
[13-Apr-2022 09:31:38 UTC] PHP Fatal error:  require_once(): Failed opening required '/Users/thierrycouilleault/Local Sites/themesurmesure/app/public/wp-content/themes/ludi/inc/features.php' (include_path='.:/usr/share/php:/www/wp-content/pear') in /Users/thierrycouilleault/Local Sites/themesurmesure/app/public/wp-content/themes/ludi/functions.php on line 16
[13-Apr-2022 09:31:38 UTC] PHP Stack trace:
[13-Apr-2022 09:31:38 UTC] PHP   1. {main}() /Users/thierrycouilleault/Local Sites/themesurmesure/app/public/wp-admin/index.php:0
[13-Apr-2022 09:31:38 UTC] PHP   2. require_once() /Users/thierrycouilleault/Local Sites/themesurmesure/app/public/wp-admin/index.php:10
[13-Apr-2022 09:31:38 UTC] PHP   3. require_once() /Users/thierrycouilleault/Local Sites/themesurmesure/app/public/wp-admin/admin.php:34
[13-Apr-2022 09:31:38 UTC] PHP   4. require_once() /Users/thierrycouilleault/Local Sites/themesurmesure/app/public/wp-load.php:50
[13-Apr-2022 09:31:38 UTC] PHP   5. require_once() /Users/thierrycouilleault/Local Sites/themesurmesure/app/public/wp-config.php:91
[13-Apr-2022 09:31:38 UTC] PHP   6. include() /Users/thierrycouilleault/Local Sites/themesurmesure/app/public/wp-settings.php:555
[13-Apr-2022 09:31:39 UTC] PHP Warning:  require_once(/Users/thierrycouilleault/Local Sites/themesurmesure/app/public/wp-content/themes/ludi/inc/features.php): failed to open stream: No such file or directory in /Users/thierrycouilleault/Local Sites/themesurmesure/app/public/wp-content/themes/ludi/functions.php on line 16
[13-Apr-2022 09:31:39 UTC] PHP Stack trace:
[13-Apr-2022 09:31:39 UTC] PHP   1. {main}() /Users/thierrycouilleault/Local Sites/themesurmesure/app/public/index.php:0
[13-Apr-2022 09:31:39 UTC] PHP   2. require() /Users/thierrycouilleault/Local Sites/themesurmesure/app/public/index.php:17
[13-Apr-2022 09:31:39 UTC] PHP   3. require_once() /Users/thierrycouilleault/Local Sites/themesurmesure/app/public/wp-blog-header.php:13
[13-Apr-2022 09:31:39 UTC] PHP   4. require_once() /Users/thierrycouilleault/Local Sites/themesurmesure/app/public/wp-load.php:50
[13-Apr-2022 09:31:39 UTC] PHP   5. require_once() /Users/thierrycouilleault/Local Sites/themesurmesure/app/public/wp-config.php:91
[13-Apr-2022 09:31:39 UTC] PHP   6. include() /Users/thierrycouilleault/Local Sites/themesurmesure/app/public/wp-settings.php:555
[13-Apr-2022 09:31:39 UTC] PHP Fatal error:  require_once(): Failed opening required '/Users/thierrycouilleault/Local Sites/themesurmesure/app/public/wp-content/themes/ludi/inc/features.php' (include_path='.:/usr/share/php:/www/wp-content/pear') in /Users/thierrycouilleault/Local Sites/themesurmesure/app/public/wp-content/themes/ludi/functions.php on line 16
[13-Apr-2022 09:31:39 UTC] PHP Stack trace:
[13-Apr-2022 09:31:39 UTC] PHP   1. {main}() /Users/thierrycouilleault/Local Sites/themesurmesure/app/public/index.php:0
[13-Apr-2022 09:31:39 UTC] PHP   2. require() /Users/thierrycouilleault/Local Sites/themesurmesure/app/public/index.php:17
[13-Apr-2022 09:31:39 UTC] PHP   3. require_once() /Users/thierrycouilleault/Local Sites/themesurmesure/app/public/wp-blog-header.php:13
[13-Apr-2022 09:31:39 UTC] PHP   4. require_once() /Users/thierrycouilleault/Local Sites/themesurmesure/app/public/wp-load.php:50
[13-Apr-2022 09:31:39 UTC] PHP   5. require_once() /Users/thierrycouilleault/Local Sites/themesurmesure/app/public/wp-config.php:91
[13-Apr-2022 09:31:39 UTC] PHP   6. include() /Users/thierrycouilleault/Local Sites/themesurmesure/app/public/wp-settings.php:555
[13-Apr-2022 09:31:44 UTC] PHP Warning:  require_once(/Users/thierrycouilleault/Local Sites/themesurmesure/app/public/wp-content/themes/ludi/inc/features.php): failed to open stream: No such file or directory in /Users/thierrycouilleault/Local Sites/themesurmesure/app/public/wp-content/themes/ludi/functions.php on line 16
[13-Apr-2022 09:31:44 UTC] PHP Stack trace:
[13-Apr-2022 09:31:44 UTC] PHP   1. {main}() /Users/thierrycouilleault/Local Sites/themesurmesure/app/public/index.php:0
[13-Apr-2022 09:31:44 UTC] PHP   2. require() /Users/thierrycouilleault/Local Sites/themesurmesure/app/public/index.php:17
[13-Apr-2022 09:31:44 UTC] PHP   3. require_once() /Users/thierrycouilleault/Local Sites/themesurmesure/app/public/wp-blog-header.php:13
[13-Apr-2022 09:31:44 UTC] PHP   4. require_once() /Users/thierrycouilleault/Local Sites/themesurmesure/app/public/wp-load.php:50
[13-Apr-2022 09:31:44 UTC] PHP   5. require_once() /Users/thierrycouilleault/Local Sites/themesurmesure/app/public/wp-config.php:91
[13-Apr-2022 09:31:44 UTC] PHP   6. include() /Users/thierrycouilleault/Local Sites/themesurmesure/app/public/wp-settings.php:555
[13-Apr-2022 09:31:44 UTC] PHP Fatal error:  require_once(): Failed opening required '/Users/thierrycouilleault/Local Sites/themesurmesure/app/public/wp-content/themes/ludi/inc/features.php' (include_path='.:/usr/share/php:/www/wp-content/pear') in /Users/thierrycouilleault/Local Sites/themesurmesure/app/public/wp-content/themes/ludi/functions.php on line 16
[13-Apr-2022 09:31:44 UTC] PHP Stack trace:
[13-Apr-2022 09:31:44 UTC] PHP   1. {main}() /Users/thierrycouilleault/Local Sites/themesurmesure/app/public/index.php:0
[13-Apr-2022 09:31:44 UTC] PHP   2. require() /Users/thierrycouilleault/Local Sites/themesurmesure/app/public/index.php:17
[13-Apr-2022 09:31:44 UTC] PHP   3. require_once() /Users/thierrycouilleault/Local Sites/themesurmesure/app/public/wp-blog-header.php:13
[13-Apr-2022 09:31:44 UTC] PHP   4. require_once() /Users/thierrycouilleault/Local Sites/themesurmesure/app/public/wp-load.php:50
[13-Apr-2022 09:31:44 UTC] PHP   5. require_once() /Users/thierrycouilleault/Local Sites/themesurmesure/app/public/wp-config.php:91
[13-Apr-2022 09:31:44 UTC] PHP   6. include() /Users/thierrycouilleault/Local Sites/themesurmesure/app/public/wp-settings.php:555
[13-Apr-2022 09:33:18 UTC] PHP Warning:  require_once(/Users/thierrycouilleault/Local Sites/themesurmesure/app/public/wp-content/themes/ludi/inc/features.php): failed to open stream: No such file or directory in /Users/thierrycouilleault/Local Sites/themesurmesure/app/public/wp-content/themes/ludi/functions.php on line 16
[13-Apr-2022 09:33:18 UTC] PHP Stack trace:
[13-Apr-2022 09:33:18 UTC] PHP   1. {main}() /Users/thierrycouilleault/Local Sites/themesurmesure/app/public/index.php:0
[13-Apr-2022 09:33:18 UTC] PHP   2. require() /Users/thierrycouilleault/Local Sites/themesurmesure/app/public/index.php:17
[13-Apr-2022 09:33:18 UTC] PHP   3. require_once() /Users/thierrycouilleault/Local Sites/themesurmesure/app/public/wp-blog-header.php:13
[13-Apr-2022 09:33:18 UTC] PHP   4. require_once() /Users/thierrycouilleault/Local Sites/themesurmesure/app/public/wp-load.php:50
[13-Apr-2022 09:33:18 UTC] PHP   5. require_once() /Users/thierrycouilleault/Local Sites/themesurmesure/app/public/wp-config.php:91
[13-Apr-2022 09:33:18 UTC] PHP   6. include() /Users/thierrycouilleault/Local Sites/themesurmesure/app/public/wp-settings.php:555
[13-Apr-2022 09:33:18 UTC] PHP Fatal error:  require_once(): Failed opening required '/Users/thierrycouilleault/Local Sites/themesurmesure/app/public/wp-content/themes/ludi/inc/features.php' (include_path='.:/usr/share/php:/www/wp-content/pear') in /Users/thierrycouilleault/Local Sites/themesurmesure/app/public/wp-content/themes/ludi/functions.php on line 16
[13-Apr-2022 09:33:18 UTC] PHP Stack trace:
[13-Apr-2022 09:33:18 UTC] PHP   1. {main}() /Users/thierrycouilleault/Local Sites/themesurmesure/app/public/index.php:0
[13-Apr-2022 09:33:18 UTC] PHP   2. require() /Users/thierrycouilleault/Local Sites/themesurmesure/app/public/index.php:17
[13-Apr-2022 09:33:18 UTC] PHP   3. require_once() /Users/thierrycouilleault/Local Sites/themesurmesure/app/public/wp-blog-header.php:13
[13-Apr-2022 09:33:18 UTC] PHP   4. require_once() /Users/thierrycouilleault/Local Sites/themesurmesure/app/public/wp-load.php:50
[13-Apr-2022 09:33:18 UTC] PHP   5. require_once() /Users/thierrycouilleault/Local Sites/themesurmesure/app/public/wp-config.php:91
[13-Apr-2022 09:33:18 UTC] PHP   6. include() /Users/thierrycouilleault/Local Sites/themesurmesure/app/public/wp-settings.php:555
[13-Apr-2022 09:33:19 UTC] PHP Warning:  require_once(/Users/thierrycouilleault/Local Sites/themesurmesure/app/public/wp-content/themes/ludi/inc/features.php): failed to open stream: No such file or directory in /Users/thierrycouilleault/Local Sites/themesurmesure/app/public/wp-content/themes/ludi/functions.php on line 16
[13-Apr-2022 09:33:19 UTC] PHP Stack trace:
[13-Apr-2022 09:33:19 UTC] PHP   1. {main}() /Users/thierrycouilleault/Local Sites/themesurmesure/app/public/index.php:0
[13-Apr-2022 09:33:19 UTC] PHP   2. require() /Users/thierrycouilleault/Local Sites/themesurmesure/app/public/index.php:17
[13-Apr-2022 09:33:19 UTC] PHP   3. require_once() /Users/thierrycouilleault/Local Sites/themesurmesure/app/public/wp-blog-header.php:13
[13-Apr-2022 09:33:19 UTC] PHP   4. require_once() /Users/thierrycouilleault/Local Sites/themesurmesure/app/public/wp-load.php:50
[13-Apr-2022 09:33:19 UTC] PHP   5. require_once() /Users/thierrycouilleault/Local Sites/themesurmesure/app/public/wp-config.php:91
[13-Apr-2022 09:33:19 UTC] PHP   6. include() /Users/thierrycouilleault/Local Sites/themesurmesure/app/public/wp-settings.php:555
[13-Apr-2022 09:33:19 UTC] PHP Fatal error:  require_once(): Failed opening required '/Users/thierrycouilleault/Local Sites/themesurmesure/app/public/wp-content/themes/ludi/inc/features.php' (include_path='.:/usr/share/php:/www/wp-content/pear') in /Users/thierrycouilleault/Local Sites/themesurmesure/app/public/wp-content/themes/ludi/functions.php on line 16
[13-Apr-2022 09:33:19 UTC] PHP Stack trace:
[13-Apr-2022 09:33:19 UTC] PHP   1. {main}() /Users/thierrycouilleault/Local Sites/themesurmesure/app/public/index.php:0
[13-Apr-2022 09:33:19 UTC] PHP   2. require() /Users/thierrycouilleault/Local Sites/themesurmesure/app/public/index.php:17
[13-Apr-2022 09:33:19 UTC] PHP   3. require_once() /Users/thierrycouilleault/Local Sites/themesurmesure/app/public/wp-blog-header.php:13
[13-Apr-2022 09:33:19 UTC] PHP   4. require_once() /Users/thierrycouilleault/Local Sites/themesurmesure/app/public/wp-load.php:50
[13-Apr-2022 09:33:19 UTC] PHP   5. require_once() /Users/thierrycouilleault/Local Sites/themesurmesure/app/public/wp-config.php:91
[13-Apr-2022 09:33:19 UTC] PHP   6. include() /Users/thierrycouilleault/Local Sites/themesurmesure/app/public/wp-settings.php:555
[13-Apr-2022 09:33:37 UTC] PHP Warning:  require_once(/Users/thierrycouilleault/Local Sites/themesurmesure/app/public/wp-content/themes/ludi/inc/features.php): failed to open stream: No such file or directory in /Users/thierrycouilleault/Local Sites/themesurmesure/app/public/wp-content/themes/ludi/functions.php on line 16
[13-Apr-2022 09:33:37 UTC] PHP Stack trace:
[13-Apr-2022 09:33:37 UTC] PHP   1. {main}() /Users/thierrycouilleault/Local Sites/themesurmesure/app/public/index.php:0
[13-Apr-2022 09:33:37 UTC] PHP   2. require() /Users/thierrycouilleault/Local Sites/themesurmesure/app/public/index.php:17
[13-Apr-2022 09:33:37 UTC] PHP   3. require_once() /Users/thierrycouilleault/Local Sites/themesurmesure/app/public/wp-blog-header.php:13
[13-Apr-2022 09:33:37 UTC] PHP   4. require_once() /Users/thierrycouilleault/Local Sites/themesurmesure/app/public/wp-load.php:50
[13-Apr-2022 09:33:37 UTC] PHP   5. require_once() /Users/thierrycouilleault/Local Sites/themesurmesure/app/public/wp-config.php:91
[13-Apr-2022 09:33:37 UTC] PHP   6. include() /Users/thierrycouilleault/Local Sites/themesurmesure/app/public/wp-settings.php:555
[13-Apr-2022 09:33:37 UTC] PHP Fatal error:  require_once(): Failed opening required '/Users/thierrycouilleault/Local Sites/themesurmesure/app/public/wp-content/themes/ludi/inc/features.php' (include_path='.:/usr/share/php:/www/wp-content/pear') in /Users/thierrycouilleault/Local Sites/themesurmesure/app/public/wp-content/themes/ludi/functions.php on line 16
[13-Apr-2022 09:33:37 UTC] PHP Stack trace:
[13-Apr-2022 09:33:37 UTC] PHP   1. {main}() /Users/thierrycouilleault/Local Sites/themesurmesure/app/public/index.php:0
[13-Apr-2022 09:33:37 UTC] PHP   2. require() /Users/thierrycouilleault/Local Sites/themesurmesure/app/public/index.php:17
[13-Apr-2022 09:33:37 UTC] PHP   3. require_once() /Users/thierrycouilleault/Local Sites/themesurmesure/app/public/wp-blog-header.php:13
[13-Apr-2022 09:33:37 UTC] PHP   4. require_once() /Users/thierrycouilleault/Local Sites/themesurmesure/app/public/wp-load.php:50
[13-Apr-2022 09:33:37 UTC] PHP   5. require_once() /Users/thierrycouilleault/Local Sites/themesurmesure/app/public/wp-config.php:91
[13-Apr-2022 09:33:37 UTC] PHP   6. include() /Users/thierrycouilleault/Local Sites/themesurmesure/app/public/wp-settings.php:555
[13-Apr-2022 09:33:38 UTC] PHP Warning:  require_once(/Users/thierrycouilleault/Local Sites/themesurmesure/app/public/wp-content/themes/ludi/inc/features.php): failed to open stream: No such file or directory in /Users/thierrycouilleault/Local Sites/themesurmesure/app/public/wp-content/themes/ludi/functions.php on line 16
[13-Apr-2022 09:33:38 UTC] PHP Stack trace:
[13-Apr-2022 09:33:38 UTC] PHP   1. {main}() /Users/thierrycouilleault/Local Sites/themesurmesure/app/public/index.php:0
[13-Apr-2022 09:33:38 UTC] PHP   2. require() /Users/thierrycouilleault/Local Sites/themesurmesure/app/public/index.php:17
[13-Apr-2022 09:33:38 UTC] PHP   3. require_once() /Users/thierrycouilleault/Local Sites/themesurmesure/app/public/wp-blog-header.php:13
[13-Apr-2022 09:33:38 UTC] PHP   4. require_once() /Users/thierrycouilleault/Local Sites/themesurmesure/app/public/wp-load.php:50
[13-Apr-2022 09:33:38 UTC] PHP   5. require_once() /Users/thierrycouilleault/Local Sites/themesurmesure/app/public/wp-config.php:91
[13-Apr-2022 09:33:38 UTC] PHP   6. include() /Users/thierrycouilleault/Local Sites/themesurmesure/app/public/wp-settings.php:555
[13-Apr-2022 09:33:38 UTC] PHP Fatal error:  require_once(): Failed opening required '/Users/thierrycouilleault/Local Sites/themesurmesure/app/public/wp-content/themes/ludi/inc/features.php' (include_path='.:/usr/share/php:/www/wp-content/pear') in /Users/thierrycouilleault/Local Sites/themesurmesure/app/public/wp-content/themes/ludi/functions.php on line 16
[13-Apr-2022 09:33:38 UTC] PHP Stack trace:
[13-Apr-2022 09:33:38 UTC] PHP   1. {main}() /Users/thierrycouilleault/Local Sites/themesurmesure/app/public/index.php:0
[13-Apr-2022 09:33:38 UTC] PHP   2. require() /Users/thierrycouilleault/Local Sites/themesurmesure/app/public/index.php:17
[13-Apr-2022 09:33:38 UTC] PHP   3. require_once() /Users/thierrycouilleault/Local Sites/themesurmesure/app/public/wp-blog-header.php:13
[13-Apr-2022 09:33:38 UTC] PHP   4. require_once() /Users/thierrycouilleault/Local Sites/themesurmesure/app/public/wp-load.php:50
[13-Apr-2022 09:33:38 UTC] PHP   5. require_once() /Users/thierrycouilleault/Local Sites/themesurmesure/app/public/wp-config.php:91
[13-Apr-2022 09:33:38 UTC] PHP   6. include() /Users/thierrycouilleault/Local Sites/themesurmesure/app/public/wp-settings.php:555
[13-Apr-2022 09:34:08 UTC] PHP Warning:  require_once(/Users/thierrycouilleault/Local Sites/themesurmesure/app/public/wp-content/themes/ludi/inc/features.php): failed to open stream: No such file or directory in /Users/thierrycouilleault/Local Sites/themesurmesure/app/public/wp-content/themes/ludi/functions.php on line 16
[13-Apr-2022 09:34:08 UTC] PHP Stack trace:
[13-Apr-2022 09:34:08 UTC] PHP   1. {main}() /Users/thierrycouilleault/Local Sites/themesurmesure/app/public/index.php:0
[13-Apr-2022 09:34:08 UTC] PHP   2. require() /Users/thierrycouilleault/Local Sites/themesurmesure/app/public/index.php:17
[13-Apr-2022 09:34:08 UTC] PHP   3. require_once() /Users/thierrycouilleault/Local Sites/themesurmesure/app/public/wp-blog-header.php:13
[13-Apr-2022 09:34:08 UTC] PHP   4. require_once() /Users/thierrycouilleault/Local Sites/themesurmesure/app/public/wp-load.php:50
[13-Apr-2022 09:34:08 UTC] PHP   5. require_once() /Users/thierrycouilleault/Local Sites/themesurmesure/app/public/wp-config.php:91
[13-Apr-2022 09:34:08 UTC] PHP   6. include() /Users/thierrycouilleault/Local Sites/themesurmesure/app/public/wp-settings.php:555
[13-Apr-2022 09:34:08 UTC] PHP Fatal error:  require_once(): Failed opening required '/Users/thierrycouilleault/Local Sites/themesurmesure/app/public/wp-content/themes/ludi/inc/features.php' (include_path='.:/usr/share/php:/www/wp-content/pear') in /Users/thierrycouilleault/Local Sites/themesurmesure/app/public/wp-content/themes/ludi/functions.php on line 16
[13-Apr-2022 09:34:08 UTC] PHP Stack trace:
[13-Apr-2022 09:34:08 UTC] PHP   1. {main}() /Users/thierrycouilleault/Local Sites/themesurmesure/app/public/index.php:0
[13-Apr-2022 09:34:08 UTC] PHP   2. require() /Users/thierrycouilleault/Local Sites/themesurmesure/app/public/index.php:17
[13-Apr-2022 09:34:08 UTC] PHP   3. require_once() /Users/thierrycouilleault/Local Sites/themesurmesure/app/public/wp-blog-header.php:13
[13-Apr-2022 09:34:08 UTC] PHP   4. require_once() /Users/thierrycouilleault/Local Sites/themesurmesure/app/public/wp-load.php:50
[13-Apr-2022 09:34:08 UTC] PHP   5. require_once() /Users/thierrycouilleault/Local Sites/themesurmesure/app/public/wp-config.php:91
[13-Apr-2022 09:34:08 UTC] PHP   6. include() /Users/thierrycouilleault/Local Sites/themesurmesure/app/public/wp-settings.php:555
[13-Apr-2022 09:34:10 UTC] PHP Warning:  require_once(/Users/thierrycouilleault/Local Sites/themesurmesure/app/public/wp-content/themes/ludi/inc/features.php): failed to open stream: No such file or directory in /Users/thierrycouilleault/Local Sites/themesurmesure/app/public/wp-content/themes/ludi/functions.php on line 16
[13-Apr-2022 09:34:10 UTC] PHP Stack trace:
[13-Apr-2022 09:34:10 UTC] PHP   1. {main}() /Users/thierrycouilleault/Local Sites/themesurmesure/app/public/index.php:0
[13-Apr-2022 09:34:10 UTC] PHP   2. require() /Users/thierrycouilleault/Local Sites/themesurmesure/app/public/index.php:17
[13-Apr-2022 09:34:10 UTC] PHP   3. require_once() /Users/thierrycouilleault/Local Sites/themesurmesure/app/public/wp-blog-header.php:13
[13-Apr-2022 09:34:10 UTC] PHP   4. require_once() /Users/thierrycouilleault/Local Sites/themesurmesure/app/public/wp-load.php:50
[13-Apr-2022 09:34:10 UTC] PHP   5. require_once() /Users/thierrycouilleault/Local Sites/themesurmesure/app/public/wp-config.php:91
[13-Apr-2022 09:34:10 UTC] PHP   6. include() /Users/thierrycouilleault/Local Sites/themesurmesure/app/public/wp-settings.php:555
[13-Apr-2022 09:34:10 UTC] PHP Fatal error:  require_once(): Failed opening required '/Users/thierrycouilleault/Local Sites/themesurmesure/app/public/wp-content/themes/ludi/inc/features.php' (include_path='.:/usr/share/php:/www/wp-content/pear') in /Users/thierrycouilleault/Local Sites/themesurmesure/app/public/wp-content/themes/ludi/functions.php on line 16
[13-Apr-2022 09:34:10 UTC] PHP Stack trace:
[13-Apr-2022 09:34:10 UTC] PHP   1. {main}() /Users/thierrycouilleault/Local Sites/themesurmesure/app/public/index.php:0
[13-Apr-2022 09:34:10 UTC] PHP   2. require() /Users/thierrycouilleault/Local Sites/themesurmesure/app/public/index.php:17
[13-Apr-2022 09:34:10 UTC] PHP   3. require_once() /Users/thierrycouilleault/Local Sites/themesurmesure/app/public/wp-blog-header.php:13
[13-Apr-2022 09:34:10 UTC] PHP   4. require_once() /Users/thierrycouilleault/Local Sites/themesurmesure/app/public/wp-load.php:50
[13-Apr-2022 09:34:10 UTC] PHP   5. require_once() /Users/thierrycouilleault/Local Sites/themesurmesure/app/public/wp-config.php:91
[13-Apr-2022 09:34:10 UTC] PHP   6. include() /Users/thierrycouilleault/Local Sites/themesurmesure/app/public/wp-settings.php:555
[13-Apr-2022 09:34:32 UTC] PHP Warning:  require_once(/Users/thierrycouilleault/Local Sites/themesurmesure/app/public/wp-content/themes/ludi/inc/features.php): failed to open stream: No such file or directory in /Users/thierrycouilleault/Local Sites/themesurmesure/app/public/wp-content/themes/ludi/functions.php on line 10
[13-Apr-2022 09:34:32 UTC] PHP Stack trace:
[13-Apr-2022 09:34:32 UTC] PHP   1. {main}() /Users/thierrycouilleault/Local Sites/themesurmesure/app/public/index.php:0
[13-Apr-2022 09:34:32 UTC] PHP   2. require() /Users/thierrycouilleault/Local Sites/themesurmesure/app/public/index.php:17
[13-Apr-2022 09:34:32 UTC] PHP   3. require_once() /Users/thierrycouilleault/Local Sites/themesurmesure/app/public/wp-blog-header.php:13
[13-Apr-2022 09:34:32 UTC] PHP   4. require_once() /Users/thierrycouilleault/Local Sites/themesurmesure/app/public/wp-load.php:50
[13-Apr-2022 09:34:32 UTC] PHP   5. require_once() /Users/thierrycouilleault/Local Sites/themesurmesure/app/public/wp-config.php:91
[13-Apr-2022 09:34:32 UTC] PHP   6. include() /Users/thierrycouilleault/Local Sites/themesurmesure/app/public/wp-settings.php:555
[13-Apr-2022 09:34:32 UTC] PHP Fatal error:  require_once(): Failed opening required '/Users/thierrycouilleault/Local Sites/themesurmesure/app/public/wp-content/themes/ludi/inc/features.php' (include_path='.:/usr/share/php:/www/wp-content/pear') in /Users/thierrycouilleault/Local Sites/themesurmesure/app/public/wp-content/themes/ludi/functions.php on line 10
[13-Apr-2022 09:34:32 UTC] PHP Stack trace:
[13-Apr-2022 09:34:32 UTC] PHP   1. {main}() /Users/thierrycouilleault/Local Sites/themesurmesure/app/public/index.php:0
[13-Apr-2022 09:34:32 UTC] PHP   2. require() /Users/thierrycouilleault/Local Sites/themesurmesure/app/public/index.php:17
[13-Apr-2022 09:34:32 UTC] PHP   3. require_once() /Users/thierrycouilleault/Local Sites/themesurmesure/app/public/wp-blog-header.php:13
[13-Apr-2022 09:34:32 UTC] PHP   4. require_once() /Users/thierrycouilleault/Local Sites/themesurmesure/app/public/wp-load.php:50
[13-Apr-2022 09:34:32 UTC] PHP   5. require_once() /Users/thierrycouilleault/Local Sites/themesurmesure/app/public/wp-config.php:91
[13-Apr-2022 09:34:32 UTC] PHP   6. include() /Users/thierrycouilleault/Local Sites/themesurmesure/app/public/wp-settings.php:555
[13-Apr-2022 09:34:34 UTC] PHP Warning:  require_once(/Users/thierrycouilleault/Local Sites/themesurmesure/app/public/wp-content/themes/ludi/inc/features.php): failed to open stream: No such file or directory in /Users/thierrycouilleault/Local Sites/themesurmesure/app/public/wp-content/themes/ludi/functions.php on line 10
[13-Apr-2022 09:34:34 UTC] PHP Stack trace:
[13-Apr-2022 09:34:34 UTC] PHP   1. {main}() /Users/thierrycouilleault/Local Sites/themesurmesure/app/public/index.php:0
[13-Apr-2022 09:34:34 UTC] PHP   2. require() /Users/thierrycouilleault/Local Sites/themesurmesure/app/public/index.php:17
[13-Apr-2022 09:34:34 UTC] PHP   3. require_once() /Users/thierrycouilleault/Local Sites/themesurmesure/app/public/wp-blog-header.php:13
[13-Apr-2022 09:34:34 UTC] PHP   4. require_once() /Users/thierrycouilleault/Local Sites/themesurmesure/app/public/wp-load.php:50
[13-Apr-2022 09:34:34 UTC] PHP   5. require_once() /Users/thierrycouilleault/Local Sites/themesurmesure/app/public/wp-config.php:91
[13-Apr-2022 09:34:34 UTC] PHP   6. include() /Users/thierrycouilleault/Local Sites/themesurmesure/app/public/wp-settings.php:555
[13-Apr-2022 09:34:34 UTC] PHP Fatal error:  require_once(): Failed opening required '/Users/thierrycouilleault/Local Sites/themesurmesure/app/public/wp-content/themes/ludi/inc/features.php' (include_path='.:/usr/share/php:/www/wp-content/pear') in /Users/thierrycouilleault/Local Sites/themesurmesure/app/public/wp-content/themes/ludi/functions.php on line 10
[13-Apr-2022 09:34:34 UTC] PHP Stack trace:
[13-Apr-2022 09:34:34 UTC] PHP   1. {main}() /Users/thierrycouilleault/Local Sites/themesurmesure/app/public/index.php:0
[13-Apr-2022 09:34:34 UTC] PHP   2. require() /Users/thierrycouilleault/Local Sites/themesurmesure/app/public/index.php:17
[13-Apr-2022 09:34:34 UTC] PHP   3. require_once() /Users/thierrycouilleault/Local Sites/themesurmesure/app/public/wp-blog-header.php:13
[13-Apr-2022 09:34:34 UTC] PHP   4. require_once() /Users/thierrycouilleault/Local Sites/themesurmesure/app/public/wp-load.php:50
[13-Apr-2022 09:34:34 UTC] PHP   5. require_once() /Users/thierrycouilleault/Local Sites/themesurmesure/app/public/wp-config.php:91
[13-Apr-2022 09:34:34 UTC] PHP   6. include() /Users/thierrycouilleault/Local Sites/themesurmesure/app/public/wp-settings.php:555
